url = https://zhihu.com
url = https://www.zhihu.com
action_url = https://www.zhihu.com/login/phone_num
user_agent =   Mozilla/5.0 (Linux; Android 5.0; SM-G900P Build/LRX21T) AppleWebKit/537.36 (KHTML, like Gecko) Chrome/57.0.2987.133 Mobile Safari/537.36
url = www.zhihu.com
url = https://www.zhihu.com
port = 80
port = 8888
port = 8989
url = https://www.zhihu.com
port = 8080
port = 8081
port = 8081
url = http://blog.csdn.net/wer1234s/article/details/19028569
action_url = http://blog.csdn.net/wer1234s/article/details/19028569
port = 8989
port = 8999
url = http://localhost
action_url = http://localhost
port = 8999
port = 8988
